2020-12-11 00:52:43,009 [Worker-6: Loading available Gradle versions] INFO  o.e.b.c.i.u.g.PublishedGradleVersions - Gradle version information cache is up-to-date. Trying to read.
2020-12-11 00:53:19,102 [Worker-3: Updating Maven Dependencies] INFO  o.e.m.c.i.l.LifecycleMappingFactory - Using org.eclipse.m2e.jdt.JarLifecycleMapping lifecycle mapping for MavenProject: es.sms:bolsa-webapp:0.1.0 @ D:\Proyectos\Boltra Bolsawebapp\boltra\boltra\bolsa-webapp\pom.xml.
2020-12-11 00:53:19,135 [Worker-3: Updating Maven Dependencies] WARN  o.e.m.c.i.embedder.EclipseLogger - The POM for oracle.reports.rwclient:rwwebservice:jar:0.0.0 is missing, no dependency information available
2020-12-11 00:53:19,196 [Worker-3: Updating Maven Dependencies] WARN  o.e.m.c.i.embedder.EclipseLogger - The POM for sms.framework:jdbctools:jar:1.1.6 is missing, no dependency information available
2020-12-11 00:53:19,342 [Worker-3: Updating Maven Dependencies] WARN  o.e.m.c.i.embedder.EclipseLogger - The POM for es.carm.sms.sesamouserprincipal:sesamouserprincipal:jar:1.3.1 is missing, no dependency information available
2020-12-11 00:53:19,351 [Worker-3: Updating Maven Dependencies] WARN  o.e.m.c.i.embedder.EclipseLogger - The POM for es.carm.sms.lobo2:lobo2:jar:0.4.3 is missing, no dependency information available
2020-12-11 00:53:19,359 [Worker-3: Updating Maven Dependencies] WARN  o.e.m.c.i.embedder.EclipseLogger - The POM for com.oracle:ojdbc6:jar:11.2.0.2.0 is missing, no dependency information available
2020-12-11 00:53:19,362 [Worker-3: Updating Maven Dependencies] WARN  o.e.m.c.i.embedder.EclipseLogger - The POM for org.springframework.security:facelets-taglib-jsf20-spring-3:jar:0.5 is missing, no dependency information available
2020-12-11 00:53:22,075 [Worker-2: Building] WARN  o.e.m.c.i.embedder.EclipseLogger - The POM for oracle.reports.rwclient:rwwebservice:jar:0.0.0 is missing, no dependency information available
2020-12-11 00:53:22,103 [Worker-2: Building] WARN  o.e.m.c.i.embedder.EclipseLogger - The POM for sms.framework:jdbctools:jar:1.1.6 is missing, no dependency information available
2020-12-11 00:53:22,221 [Worker-2: Building] WARN  o.e.m.c.i.embedder.EclipseLogger - The POM for es.carm.sms.sesamouserprincipal:sesamouserprincipal:jar:1.3.1 is missing, no dependency information available
2020-12-11 00:53:22,229 [Worker-2: Building] WARN  o.e.m.c.i.embedder.EclipseLogger - The POM for es.carm.sms.lobo2:lobo2:jar:0.4.3 is missing, no dependency information available
2020-12-11 00:53:22,236 [Worker-2: Building] WARN  o.e.m.c.i.embedder.EclipseLogger - The POM for com.oracle:ojdbc6:jar:11.2.0.2.0 is missing, no dependency information available
2020-12-11 00:53:22,238 [Worker-2: Building] WARN  o.e.m.c.i.embedder.EclipseLogger - The POM for org.springframework.security:facelets-taglib-jsf20-spring-3:jar:0.5 is missing, no dependency information available
2020-12-11 00:53:22,664 [Worker-2: Building] INFO  o.e.m.c.i.embedder.EclipseLogger - Using 'ISO-8859-1' encoding to copy filtered resources.
2020-12-11 00:53:22,669 [Worker-2: Building] INFO  o.e.m.c.i.embedder.EclipseLogger - Copying 1 resource
2020-12-11 00:53:22,700 [Worker-2: Building] INFO  o.e.m.c.i.embedder.EclipseLogger - Copying 2 resources
2020-12-11 00:53:22,716 [Worker-2: Building] INFO  o.e.m.c.i.embedder.EclipseLogger - Using 'ISO-8859-1' encoding to copy filtered resources.
2020-12-11 00:53:22,716 [Worker-2: Building] INFO  o.e.m.c.i.embedder.EclipseLogger - skip non existing resourceDirectory D:\Proyectos\Boltra Bolsawebapp\boltra\boltra\bolsa-webapp\src\test\resources
2020-12-11 00:55:19,081 [Worker-9: Building] INFO  o.e.m.c.i.l.LifecycleMappingFactory - Using org.eclipse.m2e.jdt.JarLifecycleMapping lifecycle mapping for MavenProject: es.sms:bolsa-webapp:0.1.0 @ D:\Proyectos\Boltra Bolsawebapp\boltra\boltra\bolsa-webapp\pom.xml.
2020-12-11 00:55:19,085 [Worker-9: Building] WARN  o.e.m.c.i.embedder.EclipseLogger - The POM for oracle.reports.rwclient:rwwebservice:jar:0.0.0 is missing, no dependency information available
2020-12-11 00:55:19,113 [Worker-9: Building] WARN  o.e.m.c.i.embedder.EclipseLogger - The POM for sms.framework:jdbctools:jar:1.1.6 is missing, no dependency information available
2020-12-11 00:55:19,204 [Worker-9: Building] WARN  o.e.m.c.i.embedder.EclipseLogger - The POM for es.carm.sms.sesamouserprincipal:sesamouserprincipal:jar:1.3.1 is missing, no dependency information available
2020-12-11 00:55:19,212 [Worker-9: Building] WARN  o.e.m.c.i.embedder.EclipseLogger - The POM for es.carm.sms.lobo2:lobo2:jar:0.4.3 is missing, no dependency information available
2020-12-11 00:55:19,216 [Worker-9: Building] WARN  o.e.m.c.i.embedder.EclipseLogger - The POM for com.oracle:ojdbc6:jar:11.2.0.2.0 is missing, no dependency information available
2020-12-11 00:55:19,217 [Worker-9: Building] WARN  o.e.m.c.i.embedder.EclipseLogger - The POM for org.springframework.security:facelets-taglib-jsf20-spring-3:jar:0.5 is missing, no dependency information available
2020-12-11 00:55:19,750 [Worker-9: Building] INFO  o.e.m.c.i.embedder.EclipseLogger - Using 'ISO-8859-1' encoding to copy filtered resources.
2020-12-11 00:55:19,751 [Worker-9: Building] INFO  o.e.m.c.i.embedder.EclipseLogger - Copying 1 resource
2020-12-11 00:55:19,779 [Worker-9: Building] INFO  o.e.m.c.i.embedder.EclipseLogger - Copying 2 resources
2020-12-11 00:55:19,788 [Worker-9: Building] INFO  o.e.m.c.i.embedder.EclipseLogger - Using 'ISO-8859-1' encoding to copy filtered resources.
2020-12-11 00:55:19,788 [Worker-9: Building] INFO  o.e.m.c.i.embedder.EclipseLogger - skip non existing resourceDirectory D:\Proyectos\Boltra Bolsawebapp\boltra\boltra\bolsa-webapp\src\test\resources
2020-12-11 00:55:20,288 [Worker-23: Updating Maven Dependencies] INFO  o.e.m.c.i.l.LifecycleMappingFactory - Using org.eclipse.m2e.jdt.JarLifecycleMapping lifecycle mapping for MavenProject: es.sms:bolsa-webapp:0.1.0 @ D:\Proyectos\Boltra Bolsawebapp\boltra\boltra\bolsa-webapp\pom.xml.
2020-12-11 00:55:20,292 [Worker-23: Updating Maven Dependencies] WARN  o.e.m.c.i.embedder.EclipseLogger - The POM for oracle.reports.rwclient:rwwebservice:jar:0.0.0 is missing, no dependency information available
2020-12-11 00:55:20,315 [Worker-23: Updating Maven Dependencies] WARN  o.e.m.c.i.embedder.EclipseLogger - The POM for sms.framework:jdbctools:jar:1.1.6 is missing, no dependency information available
2020-12-11 00:55:20,397 [Worker-23: Updating Maven Dependencies] WARN  o.e.m.c.i.embedder.EclipseLogger - The POM for es.carm.sms.sesamouserprincipal:sesamouserprincipal:jar:1.3.1 is missing, no dependency information available
2020-12-11 00:55:20,404 [Worker-23: Updating Maven Dependencies] WARN  o.e.m.c.i.embedder.EclipseLogger - The POM for es.carm.sms.lobo2:lobo2:jar:0.4.3 is missing, no dependency information available
2020-12-11 00:55:20,410 [Worker-23: Updating Maven Dependencies] WARN  o.e.m.c.i.embedder.EclipseLogger - The POM for com.oracle:ojdbc6:jar:11.2.0.2.0 is missing, no dependency information available
2020-12-11 00:55:20,412 [Worker-23: Updating Maven Dependencies] WARN  o.e.m.c.i.embedder.EclipseLogger - The POM for org.springframework.security:facelets-taglib-jsf20-spring-3:jar:0.5 is missing, no dependency information available
2020-12-11 00:55:21,659 [Worker-18: Building] WARN  o.e.m.c.i.embedder.EclipseLogger - The POM for oracle.reports.rwclient:rwwebservice:jar:0.0.0 is missing, no dependency information available
2020-12-11 00:55:21,690 [Worker-18: Building] WARN  o.e.m.c.i.embedder.EclipseLogger - The POM for sms.framework:jdbctools:jar:1.1.6 is missing, no dependency information available
2020-12-11 00:55:21,785 [Worker-18: Building] WARN  o.e.m.c.i.embedder.EclipseLogger - The POM for es.carm.sms.sesamouserprincipal:sesamouserprincipal:jar:1.3.1 is missing, no dependency information available
2020-12-11 00:55:21,793 [Worker-18: Building] WARN  o.e.m.c.i.embedder.EclipseLogger - The POM for es.carm.sms.lobo2:lobo2:jar:0.4.3 is missing, no dependency information available
2020-12-11 00:55:21,800 [Worker-18: Building] WARN  o.e.m.c.i.embedder.EclipseLogger - The POM for com.oracle:ojdbc6:jar:11.2.0.2.0 is missing, no dependency information available
2020-12-11 00:55:21,804 [Worker-18: Building] WARN  o.e.m.c.i.embedder.EclipseLogger - The POM for org.springframework.security:facelets-taglib-jsf20-spring-3:jar:0.5 is missing, no dependency information available
2020-12-11 00:55:22,037 [Worker-18: Building] INFO  o.e.m.c.i.embedder.EclipseLogger - Using 'ISO-8859-1' encoding to copy filtered resources.
2020-12-11 00:55:22,040 [Worker-18: Building] INFO  o.e.m.c.i.embedder.EclipseLogger - Copying 1 resource
2020-12-11 00:55:22,043 [Worker-18: Building] INFO  o.e.m.c.i.embedder.EclipseLogger - Copying 2 resources
2020-12-11 00:55:22,047 [Worker-18: Building] INFO  o.e.m.c.i.embedder.EclipseLogger - Using 'ISO-8859-1' encoding to copy filtered resources.
2020-12-11 00:55:22,047 [Worker-18: Building] INFO  o.e.m.c.i.embedder.EclipseLogger - skip non existing resourceDirectory D:\Proyectos\Boltra Bolsawebapp\boltra\boltra\bolsa-webapp\src\test\resources
